<?xml version="1.0" encoding="UTF-8"?>
<!-- Generated by org.testng.reporters.JUnitReportReporter -->
<testsuite skipped="0" hostname="DESKTOP-T1T8SUF" name="com.ibm.tests.Facebook_Login" tests="1" failures="0" timestamp="2020-03-21T08:56:51 IST" time="70.712" errors="0">
  <testcase name="facebooLogin" time="70.712" classname="com.ibm.tests.Facebook_Login"/>
  <system-out/>
</testsuite> <!-- com.ibm.tests.Facebook_Login -->
